# JRE version: OpenJDK Runtime Environment (8.0_282-b08) (build 1.8.0_282-b08)
# Java VM: OpenJDK 64-Bit Server VM (25.282-b08 mixed mode linux-amd64 compressed oops)
Heap:
 PSYoungGen      total 805888K, used 31716K [0x00000006c5500000, 0x00000006f8700000, 0x00000007c0000000)
  eden space 774144K, 0% used [0x00000006c5500000,0x00000006c5500000,0x00000006f4900000)
  from space 31744K, 99% used [0x00000006f4900000,0x00000006f67f92f0,0x00000006f6800000)
  to   space 31744K, 0% used [0x00000006f6800000,0x00000006f6800000,0x00000006f8700000)
 ParOldGen       total 796160K, used 662486K [0x00000004cfe00000, 0x0000000500780000, 0x00000006c5500000)
  object space 796160K, 83% used [0x00000004cfe00000,0x00000004f84f5b10,0x0000000500780000)
 Metaspace       used 6083K, capacity 6282K, committed 6400K, reserved 1056768K
  class space    used 635K, capacity 682K, committed 768K, reserved 1048576K
GC Heap History (11 events):
Event: 13.255 GC heap before
{Heap before GC invocations=1 (full 0):
 PSYoungGen      total 225280K, used 193536K [0x00000006c5500000, 0x00000006d5000000, 0x00000007c0000000)
  eden space 193536K, 100% used [0x00000006c5500000,0x00000006d1200000,0x00000006d1200000)
  from space 31744K, 0% used [0x00000006d3100000,0x00000006d3100000,0x00000006d5000000)
  to   space 31744K, 0% used [0x00000006d1200000,0x00000006d1200000,0x00000006d3100000)
 ParOldGen       total 515072K, used 0K [0x00000004cfe00000, 0x00000004ef500000, 0x00000006c5500000)
  object space 515072K, 0% used [0x00000004cfe00000,0x00000004cfe00000,0x00000004ef500000)
 Metaspace       used 5998K, capacity 6214K, committed 6400K, reserved 1056768K
  class space    used 630K, capacity 678K, committed 768K, reserved 1048576K
Event: 17.259 GC heap after
Heap after GC invocations=1 (full 0):
 PSYoungGen      total 225280K, used 31739K [0x00000006c5500000, 0x00000006e0d00000, 0x00000007c0000000)
  eden space 193536K, 0% used [0x00000006c5500000,0x00000006c5500000,0x00000006d1200000)
  from space 31744K, 99% used [0x00000006d1200000,0x00000006d30fee60,0x00000006d3100000)
  to   space 31744K, 0% used [0x00000006dee00000,0x00000006dee00000,0x00000006e0d00000)
 ParOldGen       total 515072K, used 50632K [0x00000004cfe00000, 0x00000004ef500000, 0x00000006c5500000)
  object space 515072K, 9% used [0x00000004cfe00000,0x00000004d2f72000,0x00000004ef500000)
 Metaspace       used 5998K, capacity 6214K, committed 6400K, reserved 1056768K
  class space    used 630K, capacity 678K, committed 768K, reserved 1048576K
}
Event: 17.756 GC heap before
{Heap before GC invocations=2 (full 0):
 PSYoungGen      total 225280K, used 222566K [0x00000006c5500000, 0x00000006e0d00000, 0x00000007c0000000)
  eden space 193536K, 98% used [0x00000006c5500000,0x00000006d0f5acf0,0x00000006d1200000)
  from space 31744K, 99% used [0x00000006d1200000,0x00000006d30fee60,0x00000006d3100000)
  to   space 31744K, 0% used [0x00000006dee00000,0x00000006dee00000,0x00000006e0d00000)
 ParOldGen       total 515072K, used 50632K [0x00000004cfe00000, 0x00000004ef500000, 0x00000006c5500000)
  object space 515072K, 9% used [0x00000004cfe00000,0x00000004d2f72000,0x00000004ef500000)
 Metaspace       used 5998K, capacity 6214K, committed 6400K, reserved 1056768K
  class space    used 630K, capacity 678K, committed 768K, reserved 1048576K
Event: 22.828 GC heap after
Heap after GC invocations=2 (full 0):
 PSYoungGen      total 418816K, used 31725K [0x00000006c5500000, 0x00000006e0d00000, 0x00000007c0000000)
  eden space 387072K, 0% used [0x00000006c5500000,0x00000006c5500000,0x00000006dcf00000)
  from space 31744K, 99% used [0x00000006dee00000,0x00000006e0cfb410,0x00000006e0d00000)
  to   space 31744K, 0% used [0x00000006dcf00000,0x00000006dcf00000,0x00000006dee00000)
 ParOldGen       total 515072K, used 136456K [0x00000004cfe00000, 0x00000004ef500000, 0x00000006c5500000)
  object space 515072K, 26% used [0x00000004cfe00000,0x00000004d8342000,0x00000004ef500000)
 Metaspace       used 5998K, capacity 6214K, committed 6400K, reserved 1056768K
  class space    used 630K, capacity 678K, committed 768K, reserved 1048576K
}
Event: 30.666 GC heap before
{Heap before GC invocations=3 (full 0):
 PSYoungGen      total 418816K, used 418797K [0x00000006c5500000, 0x00000006e0d00000, 0x00000007c0000000)
  eden space 387072K, 100% used [0x00000006c5500000,0x00000006dcf00000,0x00000006dcf00000)
  from space 31744K, 99% used [0x00000006dee00000,0x00000006e0cfb410,0x00000006e0d00000)
  to   space 31744K, 0% used [0x00000006dcf00000,0x00000006dcf00000,0x00000006dee00000)
 ParOldGen       total 515072K, used 136456K [0x00000004cfe00000, 0x00000004ef500000, 0x00000006c5500000)
  object space 515072K, 26% used [0x00000004cfe00000,0x00000004d8342000,0x00000004ef500000)
 Metaspace       used 6083K, capacity 6282K, committed 6400K, reserved 1056768K
  class space    used 635K, capacity 682K, committed 768K, reserved 1048576K
Event: 36.457 GC heap after
Heap after GC invocations=3 (full 0):
 PSYoungGen      total 418816K, used 31719K [0x00000006c5500000, 0x00000006f8700000, 0x00000007c0000000)
  eden space 387072K, 0% used [0x00000006c5500000,0x00000006c5500000,0x00000006dcf00000)
  from space 31744K, 99% used [0x00000006dcf00000,0x00000006dedf9c18,0x00000006dee00000)
  to   space 31744K, 0% used [0x00000006f6800000,0x00000006f6800000,0x00000006f8700000)
 ParOldGen       total 515072K, used 254832K [0x00000004cfe00000, 0x00000004ef500000, 0x00000006c5500000)
  object space 515072K, 49% used [0x00000004cfe00000,0x00000004df6dc000,0x00000004ef500000)
 Metaspace       used 6083K, capacity 6282K, committed 6400K, reserved 1056768K
  class space    used 635K, capacity 682K, committed 768K, reserved 1048576K
}
Event: 37.501 GC heap before
{Heap before GC invocations=4 (full 0):
 PSYoungGen      total 418816K, used 418791K [0x00000006c5500000, 0x00000006f8700000, 0x00000007c0000000)
  eden space 387072K, 100% used [0x00000006c5500000,0x00000006dcf00000,0x00000006dcf00000)
  from space 31744K, 99% used [0x00000006dcf00000,0x00000006dedf9c18,0x00000006dee00000)
  to   space 31744K, 0% used [0x00000006f6800000,0x00000006f6800000,0x00000006f8700000)
 ParOldGen       total 515072K, used 254832K [0x00000004cfe00000, 0x00000004ef500000, 0x00000006c5500000)
  object space 515072K, 49% used [0x00000004cfe00000,0x00000004df6dc000,0x00000004ef500000)
 Metaspace       used 6083K, capacity 6282K, committed 6400K, reserved 1056768K
  class space    used 635K, capacity 682K, committed 768K, reserved 1048576K
Event: 40.983 GC heap after
Heap after GC invocations=4 (full 0):
 PSYoungGen      total 805888K, used 31734K [0x00000006c5500000, 0x00000006f8700000, 0x00000007c0000000)
  eden space 774144K, 0% used [0x00000006c5500000,0x00000006c5500000,0x00000006f4900000)
  from space 31744K, 99% used [0x00000006f6800000,0x00000006f86fd810,0x00000006f8700000)
  to   space 31744K, 0% used [0x00000006f4900000,0x00000006f4900000,0x00000006f6800000)
 ParOldGen       total 515072K, used 384024K [0x00000004cfe00000, 0x00000004ef500000, 0x00000006c5500000)
  object space 515072K, 74% used [0x00000004cfe00000,0x00000004e7506000,0x00000004ef500000)
 Metaspace       used 6083K, capacity 6282K, committed 6400K, reserved 1056768K
  class space    used 635K, capacity 682K, committed 768K, reserved 1048576K
}
Event: 42.096 GC heap before
{Heap before GC invocations=5 (full 1):
 PSYoungGen      total 805888K, used 31734K [0x00000006c5500000, 0x00000006f8700000, 0x00000007c0000000)
  eden space 774144K, 0% used [0x00000006c5500000,0x00000006c5500000,0x00000006f4900000)
  from space 31744K, 99% used [0x00000006f6800000,0x00000006f86fd810,0x00000006f8700000)
  to   space 31744K, 0% used [0x00000006f4900000,0x00000006f4900000,0x00000006f6800000)
 ParOldGen       total 515072K, used 384024K [0x00000004cfe00000, 0x00000004ef500000, 0x00000006c5500000)
  object space 515072K, 74% used [0x00000004cfe00000,0x00000004e7506000,0x00000004ef500000)
 Metaspace       used 6083K, capacity 6282K, committed 6400K, reserved 1056768K
  class space    used 635K, capacity 682K, committed 768K, reserved 1048576K
Event: 46.644 GC heap after
Heap after GC invocations=5 (full 1):
 PSYoungGen      total 805888K, used 0K [0x00000006c5500000, 0x00000006f8700000, 0x00000007c0000000)
  eden space 774144K, 0% used [0x00000006c5500000,0x00000006c5500000,0x00000006f4900000)
  from space 31744K, 0% used [0x00000006f6800000,0x00000006f6800000,0x00000006f8700000)
  to   space 31744K, 0% used [0x00000006f4900000,0x00000006f4900000,0x00000006f6800000)
 ParOldGen       total 796160K, used 414286K [0x00000004cfe00000, 0x0000000500780000, 0x00000006c5500000)
  object space 796160K, 52% used [0x00000004cfe00000,0x00000004e9293b10,0x0000000500780000)
 Metaspace       used 6083K, capacity 6282K, committed 6400K, reserved 1056768K
  class space    used 635K, capacity 682K, committed 768K, reserved 1048576K
}
Event: 53.974 GC heap before
{Heap before GC invocations=6 (full 1):
 PSYoungGen      total 805888K, used 774144K [0x00000006c5500000, 0x00000006f8700000, 0x00000007c0000000)
  eden space 774144K, 100% used [0x00000006c5500000,0x00000006f4900000,0x00000006f4900000)
  from space 31744K, 0% used [0x00000006f6800000,0x00000006f6800000,0x00000006f8700000)
  to   space 31744K, 0% used [0x00000006f4900000,0x00000006f4900000,0x00000006f6800000)
 ParOldGen       total 796160K, used 414286K [0x00000004cfe00000, 0x0000000500780000, 0x00000006c5500000)
  object space 796160K, 52% used [0x00000004cfe00000,0x00000004e9293b10,0x0000000500780000)
 Metaspace       used 6083K, capacity 6282K, committed 6400K, reserved 1056768K
  class space    used 635K, capacity 682K, committed 768K, reserved 1048576K

